<?xml version="1.0" encoding="UTF-8"?>
<testsuite xmlns:xsi="http://www.w3.org/2001/XMLSchema-instance" xsi:noNamespaceSchemaLocation="https://maven.apache.org/surefire/maven-surefire-plugin/xsd/surefire-test-report.xsd" name="com.cyberark.conjur.cloudTest.ConjurCloudNegativeTest" time="1.958" tests="5" errors="0" skipped="0" failures="0">
  <properties>
    <property name="java.specification.version" value="17"/>
    <property name="sun.jnu.encoding" value="UTF-8"/>
    <property name="java.class.path" value="/Users/Sukanti.Pradhan/Documents/NewTestCode/spring-boot-cloud-sdk-master-master/ConjurSpringCloudPluginTest/target/test-classes:/Users/Sukanti.Pradhan/Documents/NewTestCode/spring-boot-cloud-sdk-master-master/ConjurSpringCloudPluginTest/target/classes:/Users/Sukanti.Pradhan/.m2/repository/org/springframework/cloud/spring-cloud-starter-config/3.0.4/spring-cloud-starter-config-3.0.4.jar:/Users/Sukanti.Pradhan/.m2/repository/org/springframework/cloud/spring-cloud-starter/3.0.3/spring-cloud-starter-3.0.3.jar:/Users/Sukanti.Pradhan/.m2/repository/org/springframework/cloud/spring-cloud-context/3.0.3/spring-cloud-context-3.0.3.jar:/Users/Sukanti.Pradhan/.m2/repository/org/springframework/security/spring-security-crypto/5.4.1/spring-security-crypto-5.4.1.jar:/Users/Sukanti.Pradhan/.m2/repository/org/springframework/cloud/spring-cloud-commons/3.0.3/spring-cloud-commons-3.0.3.jar:/Users/Sukanti.Pradhan/.m2/repository/org/springframework/security/spring-security-rsa/1.0.10.RELEASE/spring-security-rsa-1.0.10.RELEASE.jar:/Users/Sukanti.Pradhan/.m2/repository/org/bouncycastle/bcpkix-jdk15on/1.68/bcpkix-jdk15on-1.68.jar:/Users/Sukanti.Pradhan/.m2/repository/org/bouncycastle/bcprov-jdk15on/1.68/bcprov-jdk15on-1.68.jar:/Users/Sukanti.Pradhan/.m2/repository/org/springframework/cloud/spring-cloud-config-client/3.0.4/spring-cloud-config-client-3.0.4.jar:/Users/Sukanti.Pradhan/.m2/repository/org/springframework/spring-web/5.3.1/spring-web-5.3.1.jar:/Users/Sukanti.Pradhan/.m2/repository/org/springframework/spring-beans/5.3.1/spring-beans-5.3.1.jar:/Users/Sukanti.Pradhan/.m2/repository/com/fasterxml/jackson/core/jackson-annotations/2.11.3/jackson-annotations-2.11.3.jar:/Users/Sukanti.Pradhan/.m2/repository/org/apache/httpcomponents/httpclient/4.5.13/httpclient-4.5.13.jar:/Users/Sukanti.Pradhan/.m2/repository/org/apache/httpcomponents/httpcore/4.4.13/httpcore-4.4.13.jar:/Users/Sukanti.Pradhan/.m2/repository/commons-codec/commons-codec/1.15/commons-codec-1.15.jar:/Users/Sukanti.Pradhan/.m2/repository/com/fasterxml/jackson/core/jackson-databind/2.11.3/jackson-databind-2.11.3.jar:/Users/Sukanti.Pradhan/.m2/repository/com/fasterxml/jackson/core/jackson-core/2.11.3/jackson-core-2.11.3.jar:/Users/Sukanti.Pradhan/.m2/repository/org/springframework/boot/spring-boot-starter-test/2.4.0/spring-boot-starter-test-2.4.0.jar:/Users/Sukanti.Pradhan/.m2/repository/org/springframework/boot/spring-boot-test/2.4.0/spring-boot-test-2.4.0.jar:/Users/Sukanti.Pradhan/.m2/repository/org/springframework/boot/spring-boot-test-autoconfigure/2.4.0/spring-boot-test-autoconfigure-2.4.0.jar:/Users/Sukanti.Pradhan/.m2/repository/com/jayway/jsonpath/json-path/2.4.0/json-path-2.4.0.jar:/Users/Sukanti.Pradhan/.m2/repository/net/minidev/json-smart/2.3/json-smart-2.3.jar:/Users/Sukanti.Pradhan/.m2/repository/net/minidev/accessors-smart/1.2/accessors-smart-1.2.jar:/Users/Sukanti.Pradhan/.m2/repository/org/ow2/asm/asm/5.0.4/asm-5.0.4.jar:/Users/Sukanti.Pradhan/.m2/repository/org/slf4j/slf4j-api/1.7.30/slf4j-api-1.7.30.jar:/Users/Sukanti.Pradhan/.m2/repository/jakarta/xml/bind/jakarta.xml.bind-api/2.3.3/jakarta.xml.bind-api-2.3.3.jar:/Users/Sukanti.Pradhan/.m2/repository/jakarta/activation/jakarta.activation-api/1.2.2/jakarta.activation-api-1.2.2.jar:/Users/Sukanti.Pradhan/.m2/repository/org/assertj/assertj-core/3.18.1/assertj-core-3.18.1.jar:/Users/Sukanti.Pradhan/.m2/repository/org/hamcrest/hamcrest/2.2/hamcrest-2.2.jar:/Users/Sukanti.Pradhan/.m2/repository/org/junit/jupiter/junit-jupiter/5.7.0/junit-jupiter-5.7.0.jar:/Users/Sukanti.Pradhan/.m2/repository/org/junit/jupiter/junit-jupiter-params/5.7.0/junit-jupiter-params-5.7.0.jar:/Users/Sukanti.Pradhan/.m2/repository/org/mockito/mockito-core/3.6.0/mockito-core-3.6.0.jar:/Users/Sukanti.Pradhan/.m2/repository/net/bytebuddy/byte-buddy/1.10.18/byte-buddy-1.10.18.jar:/Users/Sukanti.Pradhan/.m2/repository/net/bytebuddy/byte-buddy-agent/1.10.18/byte-buddy-agent-1.10.18.jar:/Users/Sukanti.Pradhan/.m2/repository/org/objenesis/objenesis/3.1/objenesis-3.1.jar:/Users/Sukanti.Pradhan/.m2/repository/org/mockito/mockito-junit-jupiter/3.6.0/mockito-junit-jupiter-3.6.0.jar:/Users/Sukanti.Pradhan/.m2/repository/org/skyscreamer/jsonassert/1.5.0/jsonassert-1.5.0.jar:/Users/Sukanti.Pradhan/.m2/repository/com/vaadin/external/google/android-json/0.0.20131108.vaadin1/android-json-0.0.20131108.vaadin1.jar:/Users/Sukanti.Pradhan/.m2/repository/org/springframework/spring-core/5.3.1/spring-core-5.3.1.jar:/Users/Sukanti.Pradhan/.m2/repository/org/springframework/spring-jcl/5.3.1/spring-jcl-5.3.1.jar:/Users/Sukanti.Pradhan/.m2/repository/org/springframework/spring-test/5.3.1/spring-test-5.3.1.jar:/Users/Sukanti.Pradhan/.m2/repository/org/xmlunit/xmlunit-core/2.7.0/xmlunit-core-2.7.0.jar:/Users/Sukanti.Pradhan/.m2/repository/org/springframework/boot/spring-boot-starter-validation/2.4.0/spring-boot-starter-validation-2.4.0.jar:/Users/Sukanti.Pradhan/.m2/repository/org/glassfish/jakarta.el/3.0.3/jakarta.el-3.0.3.jar:/Users/Sukanti.Pradhan/.m2/repository/org/hibernate/validator/hibernate-validator/6.1.6.Final/hibernate-validator-6.1.6.Final.jar:/Users/Sukanti.Pradhan/.m2/repository/jakarta/validation/jakarta.validation-api/2.0.2/jakarta.validation-api-2.0.2.jar:/Users/Sukanti.Pradhan/.m2/repository/org/jboss/logging/jboss-logging/3.4.1.Final/jboss-logging-3.4.1.Final.jar:/Users/Sukanti.Pradhan/.m2/repository/com/fasterxml/classmate/1.5.1/classmate-1.5.1.jar:/Users/Sukanti.Pradhan/.m2/repository/org/springframework/boot/spring-boot-starter/2.4.0/spring-boot-starter-2.4.0.jar:/Users/Sukanti.Pradhan/.m2/repository/org/springframework/boot/spring-boot/2.4.0/spring-boot-2.4.0.jar:/Users/Sukanti.Pradhan/.m2/repository/org/springframework/spring-context/5.3.1/spring-context-5.3.1.jar:/Users/Sukanti.Pradhan/.m2/repository/org/springframework/spring-aop/5.3.1/spring-aop-5.3.1.jar:/Users/Sukanti.Pradhan/.m2/repository/org/springframework/spring-expression/5.3.1/spring-expression-5.3.1.jar:/Users/Sukanti.Pradhan/.m2/repository/org/springframework/boot/spring-boot-autoconfigure/2.4.0/spring-boot-autoconfigure-2.4.0.jar:/Users/Sukanti.Pradhan/.m2/repository/org/springframework/boot/spring-boot-starter-logging/2.4.0/spring-boot-starter-logging-2.4.0.jar:/Users/Sukanti.Pradhan/.m2/repository/ch/qos/logback/logback-classic/1.2.3/logback-classic-1.2.3.jar:/Users/Sukanti.Pradhan/.m2/repository/ch/qos/logback/logback-core/1.2.3/logback-core-1.2.3.jar:/Users/Sukanti.Pradhan/.m2/repository/org/apache/logging/log4j/log4j-to-slf4j/2.13.3/log4j-to-slf4j-2.13.3.jar:/Users/Sukanti.Pradhan/.m2/repository/org/apache/logging/log4j/log4j-api/2.13.3/log4j-api-2.13.3.jar:/Users/Sukanti.Pradhan/.m2/repository/org/slf4j/jul-to-slf4j/1.7.30/jul-to-slf4j-1.7.30.jar:/Users/Sukanti.Pradhan/.m2/repository/jakarta/annotation/jakarta.annotation-api/1.3.5/jakarta.annotation-api-1.3.5.jar:/Users/Sukanti.Pradhan/.m2/repository/org/yaml/snakeyaml/1.27/snakeyaml-1.27.jar:/Users/Sukanti.Pradhan/.m2/repository/org/junit/jupiter/junit-jupiter-api/5.7.0/junit-jupiter-api-5.7.0.jar:/Users/Sukanti.Pradhan/.m2/repository/org/apiguardian/apiguardian-api/1.1.0/apiguardian-api-1.1.0.jar:/Users/Sukanti.Pradhan/.m2/repository/org/opentest4j/opentest4j/1.2.0/opentest4j-1.2.0.jar:/Users/Sukanti.Pradhan/.m2/repository/org/junit/platform/junit-platform-commons/1.7.0/junit-platform-commons-1.7.0.jar:/Users/Sukanti.Pradhan/.m2/repository/org/junit/jupiter/junit-jupiter-engine/5.7.0/junit-jupiter-engine-5.7.0.jar:/Users/Sukanti.Pradhan/.m2/repository/org/junit/platform/junit-platform-engine/1.7.0/junit-platform-engine-1.7.0.jar:/Users/Sukanti.Pradhan/.m2/repository/com/cyberark/conjur-sdk-springboot/1.0.1/conjur-sdk-springboot-1.0.1.jar:/Users/Sukanti.Pradhan/.m2/repository/org/springframework/boot/spring-boot-starter-web/2.4.0/spring-boot-starter-web-2.4.0.jar:/Users/Sukanti.Pradhan/.m2/repository/org/springframework/boot/spring-boot-starter-json/2.4.0/spring-boot-starter-json-2.4.0.jar:/Users/Sukanti.Pradhan/.m2/repository/com/fasterxml/jackson/datatype/jackson-datatype-jdk8/2.11.3/jackson-datatype-jdk8-2.11.3.jar:/Users/Sukanti.Pradhan/.m2/repository/com/fasterxml/jackson/datatype/jackson-datatype-jsr310/2.11.3/jackson-datatype-jsr310-2.11.3.jar:/Users/Sukanti.Pradhan/.m2/repository/com/fasterxml/jackson/module/jackson-module-parameter-names/2.11.3/jackson-module-parameter-names-2.11.3.jar:/Users/Sukanti.Pradhan/.m2/repository/org/springframework/boot/spring-boot-starter-tomcat/2.4.0/spring-boot-starter-tomcat-2.4.0.jar:/Users/Sukanti.Pradhan/.m2/repository/org/apache/tomcat/embed/tomcat-embed-core/9.0.39/tomcat-embed-core-9.0.39.jar:/Users/Sukanti.Pradhan/.m2/repository/org/apache/tomcat/embed/tomcat-embed-websocket/9.0.39/tomcat-embed-websocket-9.0.39.jar:/Users/Sukanti.Pradhan/.m2/repository/org/springframework/spring-webmvc/5.3.1/spring-webmvc-5.3.1.jar:/Users/Sukanti.Pradhan/.m2/repository/com/cyberark/conjur-sdk-java/4.0.0/conjur-sdk-java-4.0.0.jar:/Users/Sukanti.Pradhan/.m2/repository/io/swagger/swagger-annotations/1.5.24/swagger-annotations-1.5.24.jar:/Users/Sukanti.Pradhan/.m2/repository/com/google/code/findbugs/jsr305/3.0.2/jsr305-3.0.2.jar:/Users/Sukanti.Pradhan/.m2/repository/com/squareup/okhttp3/okhttp/4.10.0/okhttp-4.10.0.jar:/Users/Sukanti.Pradhan/.m2/repository/com/squareup/okio/okio-jvm/3.0.0/okio-jvm-3.0.0.jar:/Users/Sukanti.Pradhan/.m2/repository/org/jetbrains/kotlin/kotlin-stdlib-common/1.4.10/kotlin-stdlib-common-1.4.10.jar:/Users/Sukanti.Pradhan/.m2/repository/org/jetbrains/kotlin/kotlin-stdlib/1.4.10/kotlin-stdlib-1.4.10.jar:/Users/Sukanti.Pradhan/.m2/repository/org/jetbrains/annotations/13.0/annotations-13.0.jar:/Users/Sukanti.Pradhan/.m2/repository/com/squareup/okhttp3/logging-interceptor/4.10.0/logging-interceptor-4.10.0.jar:/Users/Sukanti.Pradhan/.m2/repository/org/jetbrains/kotlin/kotlin-stdlib-jdk8/1.4.10/kotlin-stdlib-jdk8-1.4.10.jar:/Users/Sukanti.Pradhan/.m2/repository/org/jetbrains/kotlin/kotlin-stdlib-jdk7/1.4.10/kotlin-stdlib-jdk7-1.4.10.jar:/Users/Sukanti.Pradhan/.m2/repository/io/gsonfire/gson-fire/1.8.4/gson-fire-1.8.4.jar:/Users/Sukanti.Pradhan/.m2/repository/org/apache/commons/commons-lang3/3.11/commons-lang3-3.11.jar:/Users/Sukanti.Pradhan/.m2/repository/org/threeten/threetenbp/1.4.3/threetenbp-1.4.3.jar:/Users/Sukanti.Pradhan/.m2/repository/javax/annotation/javax.annotation-api/1.3.2/javax.annotation-api-1.3.2.jar:/Users/Sukanti.Pradhan/.m2/repository/javax/xml/bind/jaxb-api/2.3.1/jaxb-api-2.3.1.jar:/Users/Sukanti.Pradhan/.m2/repository/javax/activation/javax.activation-api/1.2.0/javax.activation-api-1.2.0.jar:/Users/Sukanti.Pradhan/.m2/repository/org/springframework/boot/spring-boot-starter-actuator/2.4.0/spring-boot-starter-actuator-2.4.0.jar:/Users/Sukanti.Pradhan/.m2/repository/org/springframework/boot/spring-boot-actuator-autoconfigure/2.4.0/spring-boot-actuator-autoconfigure-2.4.0.jar:/Users/Sukanti.Pradhan/.m2/repository/org/springframework/boot/spring-boot-actuator/2.4.0/spring-boot-actuator-2.4.0.jar:/Users/Sukanti.Pradhan/.m2/repository/io/micrometer/micrometer-core/1.6.1/micrometer-core-1.6.1.jar:/Users/Sukanti.Pradhan/.m2/repository/org/hdrhistogram/HdrHistogram/2.1.12/HdrHistogram-2.1.12.jar:/Users/Sukanti.Pradhan/.m2/repository/org/latencyutils/LatencyUtils/2.0.3/LatencyUtils-2.0.3.jar:/Users/Sukanti.Pradhan/.m2/repository/commons-configuration/commons-configuration/1.10/commons-configuration-1.10.jar:/Users/Sukanti.Pradhan/.m2/repository/commons-lang/commons-lang/2.6/commons-lang-2.6.jar:/Users/Sukanti.Pradhan/.m2/repository/commons-logging/commons-logging/1.1.1/commons-logging-1.1.1.jar:/Users/Sukanti.Pradhan/.m2/repository/javax/ws/rs/javax.ws.rs-api/2.0/javax.ws.rs-api-2.0.jar:/Users/Sukanti.Pradhan/.m2/repository/joda-time/joda-time/2.1/joda-time-2.1.jar:/Users/Sukanti.Pradhan/.m2/repository/org/jboss/resteasy/resteasy-client/3.0.2.Final/resteasy-client-3.0.2.Final.jar:/Users/Sukanti.Pradhan/.m2/repository/org/jboss/resteasy/resteasy-jaxrs/3.0.2.Final/resteasy-jaxrs-3.0.2.Final.jar:/Users/Sukanti.Pradhan/.m2/repository/org/jboss/resteasy/jaxrs-api/3.0.2.Final/jaxrs-api-3.0.2.Final.jar:/Users/Sukanti.Pradhan/.m2/repository/org/slf4j/slf4j-simple/1.7.30/slf4j-simple-1.7.30.jar:/Users/Sukanti.Pradhan/.m2/repository/org/scannotation/scannotation/1.0.3/scannotation-1.0.3.jar:/Users/Sukanti.Pradhan/.m2/repository/javassist/javassist/3.12.1.GA/javassist-3.12.1.GA.jar:/Users/Sukanti.Pradhan/.m2/repository/javax/annotation/jsr250-api/1.0/jsr250-api-1.0.jar:/Users/Sukanti.Pradhan/.m2/repository/javax/activation/activation/1.1/activation-1.1.jar:/Users/Sukanti.Pradhan/.m2/repository/commons-io/commons-io/2.1/commons-io-2.1.jar:/Users/Sukanti.Pradhan/.m2/repository/net/jcip/jcip-annotations/1.0/jcip-annotations-1.0.jar:/Users/Sukanti.Pradhan/.m2/repository/com/google/code/gson/gson/2.8.6/gson-2.8.6.jar:"/>
    <property name="java.vm.vendor" value="Oracle Corporation"/>
    <property name="sun.arch.data.model" value="64"/>
    <property name="java.vendor.url" value="https://java.oracle.com/"/>
    <property name="os.name" value="Mac OS X"/>
    <property name="java.vm.specification.version" value="17"/>
    <property name="sun.java.launcher" value="SUN_STANDARD"/>
    <property name="user.country" value="GB"/>
    <property name="sun.boot.library.path" value="/Library/Java/JavaVirtualMachines/jdk-17.0.5.jdk/Contents/Home/lib"/>
    <property name="sun.java.command" value="/Users/Sukanti.Pradhan/Documents/NewTestCode/spring-boot-cloud-sdk-master-master/ConjurSpringCloudPluginTest/target/surefire/surefirebooter15862211441069118253.jar /Users/Sukanti.Pradhan/Documents/NewTestCode/spring-boot-cloud-sdk-master-master/ConjurSpringCloudPluginTest/target/surefire 2023-03-01T20-59-18_262-jvmRun1 surefire16906634242690803472tmp surefire_02787525310585834981tmp"/>
    <property name="jdk.debug" value="release"/>
    <property name="surefire.test.class.path" value="/Users/Sukanti.Pradhan/Documents/NewTestCode/spring-boot-cloud-sdk-master-master/ConjurSpringCloudPluginTest/target/test-classes:/Users/Sukanti.Pradhan/Documents/NewTestCode/spring-boot-cloud-sdk-master-master/ConjurSpringCloudPluginTest/target/classes:/Users/Sukanti.Pradhan/.m2/repository/org/springframework/cloud/spring-cloud-starter-config/3.0.4/spring-cloud-starter-config-3.0.4.jar:/Users/Sukanti.Pradhan/.m2/repository/org/springframework/cloud/spring-cloud-starter/3.0.3/spring-cloud-starter-3.0.3.jar:/Users/Sukanti.Pradhan/.m2/repository/org/springframework/cloud/spring-cloud-context/3.0.3/spring-cloud-context-3.0.3.jar:/Users/Sukanti.Pradhan/.m2/repository/org/springframework/security/spring-security-crypto/5.4.1/spring-security-crypto-5.4.1.jar:/Users/Sukanti.Pradhan/.m2/repository/org/springframework/cloud/spring-cloud-commons/3.0.3/spring-cloud-commons-3.0.3.jar:/Users/Sukanti.Pradhan/.m2/repository/org/springframework/security/spring-security-rsa/1.0.10.RELEASE/spring-security-rsa-1.0.10.RELEASE.jar:/Users/Sukanti.Pradhan/.m2/repository/org/bouncycastle/bcpkix-jdk15on/1.68/bcpkix-jdk15on-1.68.jar:/Users/Sukanti.Pradhan/.m2/repository/org/bouncycastle/bcprov-jdk15on/1.68/bcprov-jdk15on-1.68.jar:/Users/Sukanti.Pradhan/.m2/repository/org/springframework/cloud/spring-cloud-config-client/3.0.4/spring-cloud-config-client-3.0.4.jar:/Users/Sukanti.Pradhan/.m2/repository/org/springframework/spring-web/5.3.1/spring-web-5.3.1.jar:/Users/Sukanti.Pradhan/.m2/repository/org/springframework/spring-beans/5.3.1/spring-beans-5.3.1.jar:/Users/Sukanti.Pradhan/.m2/repository/com/fasterxml/jackson/core/jackson-annotations/2.11.3/jackson-annotations-2.11.3.jar:/Users/Sukanti.Pradhan/.m2/repository/org/apache/httpcomponents/httpclient/4.5.13/httpclient-4.5.13.jar:/Users/Sukanti.Pradhan/.m2/repository/org/apache/httpcomponents/httpcore/4.4.13/httpcore-4.4.13.jar:/Users/Sukanti.Pradhan/.m2/repository/commons-codec/commons-codec/1.15/commons-codec-1.15.jar:/Users/Sukanti.Pradhan/.m2/repository/com/fasterxml/jackson/core/jackson-databind/2.11.3/jackson-databind-2.11.3.jar:/Users/Sukanti.Pradhan/.m2/repository/com/fasterxml/jackson/core/jackson-core/2.11.3/jackson-core-2.11.3.jar:/Users/Sukanti.Pradhan/.m2/repository/org/springframework/boot/spring-boot-starter-test/2.4.0/spring-boot-starter-test-2.4.0.jar:/Users/Sukanti.Pradhan/.m2/repository/org/springframework/boot/spring-boot-test/2.4.0/spring-boot-test-2.4.0.jar:/Users/Sukanti.Pradhan/.m2/repository/org/springframework/boot/spring-boot-test-autoconfigure/2.4.0/spring-boot-test-autoconfigure-2.4.0.jar:/Users/Sukanti.Pradhan/.m2/repository/com/jayway/jsonpath/json-path/2.4.0/json-path-2.4.0.jar:/Users/Sukanti.Pradhan/.m2/repository/net/minidev/json-smart/2.3/json-smart-2.3.jar:/Users/Sukanti.Pradhan/.m2/repository/net/minidev/accessors-smart/1.2/accessors-smart-1.2.jar:/Users/Sukanti.Pradhan/.m2/repository/org/ow2/asm/asm/5.0.4/asm-5.0.4.jar:/Users/Sukanti.Pradhan/.m2/repository/org/slf4j/slf4j-api/1.7.30/slf4j-api-1.7.30.jar:/Users/Sukanti.Pradhan/.m2/repository/jakarta/xml/bind/jakarta.xml.bind-api/2.3.3/jakarta.xml.bind-api-2.3.3.jar:/Users/Sukanti.Pradhan/.m2/repository/jakarta/activation/jakarta.activation-api/1.2.2/jakarta.activation-api-1.2.2.jar:/Users/Sukanti.Pradhan/.m2/repository/org/assertj/assertj-core/3.18.1/assertj-core-3.18.1.jar:/Users/Sukanti.Pradhan/.m2/repository/org/hamcrest/hamcrest/2.2/hamcrest-2.2.jar:/Users/Sukanti.Pradhan/.m2/repository/org/junit/jupiter/junit-jupiter/5.7.0/junit-jupiter-5.7.0.jar:/Users/Sukanti.Pradhan/.m2/repository/org/junit/jupiter/junit-jupiter-params/5.7.0/junit-jupiter-params-5.7.0.jar:/Users/Sukanti.Pradhan/.m2/repository/org/mockito/mockito-core/3.6.0/mockito-core-3.6.0.jar:/Users/Sukanti.Pradhan/.m2/repository/net/bytebuddy/byte-buddy/1.10.18/byte-buddy-1.10.18.jar:/Users/Sukanti.Pradhan/.m2/repository/net/bytebuddy/byte-buddy-agent/1.10.18/byte-buddy-agent-1.10.18.jar:/Users/Sukanti.Pradhan/.m2/repository/org/objenesis/objenesis/3.1/objenesis-3.1.jar:/Users/Sukanti.Pradhan/.m2/repository/org/mockito/mockito-junit-jupiter/3.6.0/mockito-junit-jupiter-3.6.0.jar:/Users/Sukanti.Pradhan/.m2/repository/org/skyscreamer/jsonassert/1.5.0/jsonassert-1.5.0.jar:/Users/Sukanti.Pradhan/.m2/repository/com/vaadin/external/google/android-json/0.0.20131108.vaadin1/android-json-0.0.20131108.vaadin1.jar:/Users/Sukanti.Pradhan/.m2/repository/org/springframework/spring-core/5.3.1/spring-core-5.3.1.jar:/Users/Sukanti.Pradhan/.m2/repository/org/springframework/spring-jcl/5.3.1/spring-jcl-5.3.1.jar:/Users/Sukanti.Pradhan/.m2/repository/org/springframework/spring-test/5.3.1/spring-test-5.3.1.jar:/Users/Sukanti.Pradhan/.m2/repository/org/xmlunit/xmlunit-core/2.7.0/xmlunit-core-2.7.0.jar:/Users/Sukanti.Pradhan/.m2/repository/org/springframework/boot/spring-boot-starter-validation/2.4.0/spring-boot-starter-validation-2.4.0.jar:/Users/Sukanti.Pradhan/.m2/repository/org/glassfish/jakarta.el/3.0.3/jakarta.el-3.0.3.jar:/Users/Sukanti.Pradhan/.m2/repository/org/hibernate/validator/hibernate-validator/6.1.6.Final/hibernate-validator-6.1.6.Final.jar:/Users/Sukanti.Pradhan/.m2/repository/jakarta/validation/jakarta.validation-api/2.0.2/jakarta.validation-api-2.0.2.jar:/Users/Sukanti.Pradhan/.m2/repository/org/jboss/logging/jboss-logging/3.4.1.Final/jboss-logging-3.4.1.Final.jar:/Users/Sukanti.Pradhan/.m2/repository/com/fasterxml/classmate/1.5.1/classmate-1.5.1.jar:/Users/Sukanti.Pradhan/.m2/repository/org/springframework/boot/spring-boot-starter/2.4.0/spring-boot-starter-2.4.0.jar:/Users/Sukanti.Pradhan/.m2/repository/org/springframework/boot/spring-boot/2.4.0/spring-boot-2.4.0.jar:/Users/Sukanti.Pradhan/.m2/repository/org/springframework/spring-context/5.3.1/spring-context-5.3.1.jar:/Users/Sukanti.Pradhan/.m2/repository/org/springframework/spring-aop/5.3.1/spring-aop-5.3.1.jar:/Users/Sukanti.Pradhan/.m2/repository/org/springframework/spring-expression/5.3.1/spring-expression-5.3.1.jar:/Users/Sukanti.Pradhan/.m2/repository/org/springframework/boot/spring-boot-autoconfigure/2.4.0/spring-boot-autoconfigure-2.4.0.jar:/Users/Sukanti.Pradhan/.m2/repository/org/springframework/boot/spring-boot-starter-logging/2.4.0/spring-boot-starter-logging-2.4.0.jar:/Users/Sukanti.Pradhan/.m2/repository/ch/qos/logback/logback-classic/1.2.3/logback-classic-1.2.3.jar:/Users/Sukanti.Pradhan/.m2/repository/ch/qos/logback/logback-core/1.2.3/logback-core-1.2.3.jar:/Users/Sukanti.Pradhan/.m2/repository/org/apache/logging/log4j/log4j-to-slf4j/2.13.3/log4j-to-slf4j-2.13.3.jar:/Users/Sukanti.Pradhan/.m2/repository/org/apache/logging/log4j/log4j-api/2.13.3/log4j-api-2.13.3.jar:/Users/Sukanti.Pradhan/.m2/repository/org/slf4j/jul-to-slf4j/1.7.30/jul-to-slf4j-1.7.30.jar:/Users/Sukanti.Pradhan/.m2/repository/jakarta/annotation/jakarta.annotation-api/1.3.5/jakarta.annotation-api-1.3.5.jar:/Users/Sukanti.Pradhan/.m2/repository/org/yaml/snakeyaml/1.27/snakeyaml-1.27.jar:/Users/Sukanti.Pradhan/.m2/repository/org/junit/jupiter/junit-jupiter-api/5.7.0/junit-jupiter-api-5.7.0.jar:/Users/Sukanti.Pradhan/.m2/repository/org/apiguardian/apiguardian-api/1.1.0/apiguardian-api-1.1.0.jar:/Users/Sukanti.Pradhan/.m2/repository/org/opentest4j/opentest4j/1.2.0/opentest4j-1.2.0.jar:/Users/Sukanti.Pradhan/.m2/repository/org/junit/platform/junit-platform-commons/1.7.0/junit-platform-commons-1.7.0.jar:/Users/Sukanti.Pradhan/.m2/repository/org/junit/jupiter/junit-jupiter-engine/5.7.0/junit-jupiter-engine-5.7.0.jar:/Users/Sukanti.Pradhan/.m2/repository/org/junit/platform/junit-platform-engine/1.7.0/junit-platform-engine-1.7.0.jar:/Users/Sukanti.Pradhan/.m2/repository/com/cyberark/conjur-sdk-springboot/1.0.1/conjur-sdk-springboot-1.0.1.jar:/Users/Sukanti.Pradhan/.m2/repository/org/springframework/boot/spring-boot-starter-web/2.4.0/spring-boot-starter-web-2.4.0.jar:/Users/Sukanti.Pradhan/.m2/repository/org/springframework/boot/spring-boot-starter-json/2.4.0/spring-boot-starter-json-2.4.0.jar:/Users/Sukanti.Pradhan/.m2/repository/com/fasterxml/jackson/datatype/jackson-datatype-jdk8/2.11.3/jackson-datatype-jdk8-2.11.3.jar:/Users/Sukanti.Pradhan/.m2/repository/com/fasterxml/jackson/datatype/jackson-datatype-jsr310/2.11.3/jackson-datatype-jsr310-2.11.3.jar:/Users/Sukanti.Pradhan/.m2/repository/com/fasterxml/jackson/module/jackson-module-parameter-names/2.11.3/jackson-module-parameter-names-2.11.3.jar:/Users/Sukanti.Pradhan/.m2/repository/org/springframework/boot/spring-boot-starter-tomcat/2.4.0/spring-boot-starter-tomcat-2.4.0.jar:/Users/Sukanti.Pradhan/.m2/repository/org/apache/tomcat/embed/tomcat-embed-core/9.0.39/tomcat-embed-core-9.0.39.jar:/Users/Sukanti.Pradhan/.m2/repository/org/apache/tomcat/embed/tomcat-embed-websocket/9.0.39/tomcat-embed-websocket-9.0.39.jar:/Users/Sukanti.Pradhan/.m2/repository/org/springframework/spring-webmvc/5.3.1/spring-webmvc-5.3.1.jar:/Users/Sukanti.Pradhan/.m2/repository/com/cyberark/conjur-sdk-java/4.0.0/conjur-sdk-java-4.0.0.jar:/Users/Sukanti.Pradhan/.m2/repository/io/swagger/swagger-annotations/1.5.24/swagger-annotations-1.5.24.jar:/Users/Sukanti.Pradhan/.m2/repository/com/google/code/findbugs/jsr305/3.0.2/jsr305-3.0.2.jar:/Users/Sukanti.Pradhan/.m2/repository/com/squareup/okhttp3/okhttp/4.10.0/okhttp-4.10.0.jar:/Users/Sukanti.Pradhan/.m2/repository/com/squareup/okio/okio-jvm/3.0.0/okio-jvm-3.0.0.jar:/Users/Sukanti.Pradhan/.m2/repository/org/jetbrains/kotlin/kotlin-stdlib-common/1.4.10/kotlin-stdlib-common-1.4.10.jar:/Users/Sukanti.Pradhan/.m2/repository/org/jetbrains/kotlin/kotlin-stdlib/1.4.10/kotlin-stdlib-1.4.10.jar:/Users/Sukanti.Pradhan/.m2/repository/org/jetbrains/annotations/13.0/annotations-13.0.jar:/Users/Sukanti.Pradhan/.m2/repository/com/squareup/okhttp3/logging-interceptor/4.10.0/logging-interceptor-4.10.0.jar:/Users/Sukanti.Pradhan/.m2/repository/org/jetbrains/kotlin/kotlin-stdlib-jdk8/1.4.10/kotlin-stdlib-jdk8-1.4.10.jar:/Users/Sukanti.Pradhan/.m2/repository/org/jetbrains/kotlin/kotlin-stdlib-jdk7/1.4.10/kotlin-stdlib-jdk7-1.4.10.jar:/Users/Sukanti.Pradhan/.m2/repository/io/gsonfire/gson-fire/1.8.4/gson-fire-1.8.4.jar:/Users/Sukanti.Pradhan/.m2/repository/org/apache/commons/commons-lang3/3.11/commons-lang3-3.11.jar:/Users/Sukanti.Pradhan/.m2/repository/org/threeten/threetenbp/1.4.3/threetenbp-1.4.3.jar:/Users/Sukanti.Pradhan/.m2/repository/javax/annotation/javax.annotation-api/1.3.2/javax.annotation-api-1.3.2.jar:/Users/Sukanti.Pradhan/.m2/repository/javax/xml/bind/jaxb-api/2.3.1/jaxb-api-2.3.1.jar:/Users/Sukanti.Pradhan/.m2/repository/javax/activation/javax.activation-api/1.2.0/javax.activation-api-1.2.0.jar:/Users/Sukanti.Pradhan/.m2/repository/org/springframework/boot/spring-boot-starter-actuator/2.4.0/spring-boot-starter-actuator-2.4.0.jar:/Users/Sukanti.Pradhan/.m2/repository/org/springframework/boot/spring-boot-actuator-autoconfigure/2.4.0/spring-boot-actuator-autoconfigure-2.4.0.jar:/Users/Sukanti.Pradhan/.m2/repository/org/springframework/boot/spring-boot-actuator/2.4.0/spring-boot-actuator-2.4.0.jar:/Users/Sukanti.Pradhan/.m2/repository/io/micrometer/micrometer-core/1.6.1/micrometer-core-1.6.1.jar:/Users/Sukanti.Pradhan/.m2/repository/org/hdrhistogram/HdrHistogram/2.1.12/HdrHistogram-2.1.12.jar:/Users/Sukanti.Pradhan/.m2/repository/org/latencyutils/LatencyUtils/2.0.3/LatencyUtils-2.0.3.jar:/Users/Sukanti.Pradhan/.m2/repository/commons-configuration/commons-configuration/1.10/commons-configuration-1.10.jar:/Users/Sukanti.Pradhan/.m2/repository/commons-lang/commons-lang/2.6/commons-lang-2.6.jar:/Users/Sukanti.Pradhan/.m2/repository/commons-logging/commons-logging/1.1.1/commons-logging-1.1.1.jar:/Users/Sukanti.Pradhan/.m2/repository/javax/ws/rs/javax.ws.rs-api/2.0/javax.ws.rs-api-2.0.jar:/Users/Sukanti.Pradhan/.m2/repository/joda-time/joda-time/2.1/joda-time-2.1.jar:/Users/Sukanti.Pradhan/.m2/repository/org/jboss/resteasy/resteasy-client/3.0.2.Final/resteasy-client-3.0.2.Final.jar:/Users/Sukanti.Pradhan/.m2/repository/org/jboss/resteasy/resteasy-jaxrs/3.0.2.Final/resteasy-jaxrs-3.0.2.Final.jar:/Users/Sukanti.Pradhan/.m2/repository/org/jboss/resteasy/jaxrs-api/3.0.2.Final/jaxrs-api-3.0.2.Final.jar:/Users/Sukanti.Pradhan/.m2/repository/org/slf4j/slf4j-simple/1.7.30/slf4j-simple-1.7.30.jar:/Users/Sukanti.Pradhan/.m2/repository/org/scannotation/scannotation/1.0.3/scannotation-1.0.3.jar:/Users/Sukanti.Pradhan/.m2/repository/javassist/javassist/3.12.1.GA/javassist-3.12.1.GA.jar:/Users/Sukanti.Pradhan/.m2/repository/javax/annotation/jsr250-api/1.0/jsr250-api-1.0.jar:/Users/Sukanti.Pradhan/.m2/repository/javax/activation/activation/1.1/activation-1.1.jar:/Users/Sukanti.Pradhan/.m2/repository/commons-io/commons-io/2.1/commons-io-2.1.jar:/Users/Sukanti.Pradhan/.m2/repository/net/jcip/jcip-annotations/1.0/jcip-annotations-1.0.jar:/Users/Sukanti.Pradhan/.m2/repository/com/google/code/gson/gson/2.8.6/gson-2.8.6.jar:"/>
    <property name="sun.cpu.endian" value="little"/>
    <property name="user.home" value="/Users/Sukanti.Pradhan"/>
    <property name="user.language" value="en"/>
    <property name="java.specification.vendor" value="Oracle Corporation"/>
    <property name="java.version.date" value="2022-10-18"/>
    <property name="java.home" value="/Library/Java/JavaVirtualMachines/jdk-17.0.5.jdk/Contents/Home"/>
    <property name="file.separator" value="/"/>
    <property name="style.color" value="always"/>
    <property name="basedir" value="/Users/Sukanti.Pradhan/Documents/NewTestCode/spring-boot-cloud-sdk-master-master/ConjurSpringCloudPluginTest"/>
    <property name="java.vm.compressedOopsMode" value="Zero based"/>
    <property name="line.separator" value="&#10;"/>
    <property name="java.specification.name" value="Java Platform API Specification"/>
    <property name="java.vm.specification.vendor" value="Oracle Corporation"/>
    <property name="surefire.real.class.path" value="/Users/Sukanti.Pradhan/Documents/NewTestCode/spring-boot-cloud-sdk-master-master/ConjurSpringCloudPluginTest/target/surefire/surefirebooter15862211441069118253.jar"/>
    <property name="sun.management.compiler" value="HotSpot 64-Bit Tiered Compilers"/>
    <property name="java.runtime.version" value="17.0.5+9-LTS-191"/>
    <property name="user.name" value="Sukanti.Pradhan"/>
    <property name="path.separator" value=":"/>
    <property name="os.version" value="13.2.1"/>
    <property name="java.runtime.name" value="Java(TM) SE Runtime Environment"/>
    <property name="file.encoding" value="UTF-8"/>
    <property name="java.vm.name" value="Java HotSpot(TM) 64-Bit Server VM"/>
    <property name="localRepository" value="/Users/Sukanti.Pradhan/.m2/repository"/>
    <property name="java.vendor.url.bug" value="https://bugreport.java.com/bugreport/"/>
    <property name="java.io.tmpdir" value="/var/folders/5f/fp472g8j08zd6k84vtzrhgf00000gq/T/"/>
    <property name="java.version" value="17.0.5"/>
    <property name="user.dir" value="/Users/Sukanti.Pradhan/Documents/NewTestCode/spring-boot-cloud-sdk-master-master/ConjurSpringCloudPluginTest"/>
    <property name="os.arch" value="x86_64"/>
    <property name="java.vm.specification.name" value="Java Virtual Machine Specification"/>
    <property name="native.encoding" value="UTF-8"/>
    <property name="java.library.path" value="/Users/Sukanti.Pradhan/Library/Java/Extensions:/Library/Java/Extensions:/Network/Library/Java/Extensions:/System/Library/Java/Extensions:/usr/lib/java:."/>
    <property name="java.vm.info" value="mixed mode, sharing"/>
    <property name="java.vendor" value="Oracle Corporation"/>
    <property name="java.vm.version" value="17.0.5+9-LTS-191"/>
    <property name="sun.io.unicode.encoding" value="UnicodeBig"/>
    <property name="java.class.version" value="61.0"/>
  </properties>
  <testcase name="checkForConfiguration" classname="com.cyberark.conjur.cloudTest.ConjurCloudNegativeTest" time="0.207"/>
  <testcase name="checkForUserName" classname="com.cyberark.conjur.cloudTest.ConjurCloudNegativeTest" time="0.002"/>
  <testcase name="checkForConnection" classname="com.cyberark.conjur.cloudTest.ConjurCloudNegativeTest" time="0.001"/>
  <testcase name="checkForUrl" classname="com.cyberark.conjur.cloudTest.ConjurCloudNegativeTest" time="0.002"/>
  <testcase name="checkForPassword" classname="com.cyberark.conjur.cloudTest.ConjurCloudNegativeTest" time="0.002"/>
</testsuite>